2025-09-13 17:39:18,642 - root - INFO - Logging has been set up.
2025-09-13 17:39:18,643 - __main__ - INFO - Starting SecureVault Pro...
2025-09-13 17:39:18,718 - __main__ - INFO - Windows desktop shortcut created
2025-09-13 17:39:19,024 - __main__ - INFO - Application initialized successfully
2025-09-13 17:39:22,185 - __main__ - INFO - Initializing secure file management system...
2025-09-13 17:39:22,186 - __main__ - INFO - Secure file manager initialized
2025-09-13 17:39:22,570 - __main__ - INFO - Validating lockout state integrity...
2025-09-13 17:39:32,428 - secure_file_manager - INFO - Initializing encryption...
2025-09-13 17:39:32,429 - secure_file_manager - INFO - Salt file not found, creating a new one.
2025-09-13 17:39:32,450 - secure_file_manager - INFO - Salt loaded from secure_vault\salt_file
2025-09-13 17:39:32,450 - secure_file_manager - INFO - Using 'cryptography' package for key derivation.
2025-09-13 17:39:32,582 - secure_file_manager - INFO - Encryption key derived successfully.
2025-09-13 17:39:32,583 - secure_file_manager - INFO - Initializing vault files...
2025-09-13 17:39:32,583 - secure_file_manager - INFO - Metadata database not found, creating at secure_vault\metadata.db
2025-09-13 17:39:32,596 - secure_file_manager - INFO - Sensitive database not found, creating at secure_vault\sensitive.db
2025-09-13 17:39:32,607 - secure_file_manager - INFO - Rotating integrity signature.
2025-09-13 17:39:32,610 - secure_file_manager - INFO - Using HMAC-SHA256 for integrity signature.
2025-09-13 17:39:32,612 - secure_file_manager - INFO - Integrity signature written to secure_vault\integrity_file
2025-09-13 17:39:32,614 - secure_file_manager - INFO - Enforcing permissions...
2025-09-13 17:39:32,615 - secure_file_manager - INFO - Applying Windows permissions (best-effort).
2025-09-13 17:39:32,616 - secure_file_manager - INFO - Permissions enforced successfully.
2025-09-13 17:39:32,616 - secure_file_manager - INFO - Vault files initialized successfully.
2025-09-13 17:39:32,617 - secure_file_manager - INFO - Loading files to temporary directory...
2025-09-13 17:39:32,619 - secure_file_manager - INFO - Created new temp directory: C:\Users\Hamza\AppData\Local\Temp\sv_tmp_ykyb2ka_
2025-09-13 17:39:32,623 - secure_file_manager - INFO - Files loaded to temp directory successfully.
2025-09-13 17:39:32,624 - __main__ - INFO - Starting database initialization...
2025-09-13 17:39:32,742 - __main__ - INFO - Generated salt (32 bytes) and encryption keys
2025-09-13 17:39:32,744 - __main__ - INFO - Salt saved to secure_vault\salt_file
2025-09-13 17:39:32,751 - __main__ - INFO - Metadata database created
2025-09-13 17:39:32,753 - __main__ - INFO - Sensitive database created
2025-09-13 17:39:32,754 - __main__ - INFO - Creating master account for authentication...
2025-09-13 17:39:32,768 - __main__ - INFO - Master account created successfully
2025-09-13 17:39:32,769 - secure_file_manager - INFO - Rotating integrity signature.
2025-09-13 17:39:32,771 - secure_file_manager - INFO - Using HMAC-SHA256 for integrity signature.
2025-09-13 17:39:32,773 - secure_file_manager - INFO - Integrity signature written to secure_vault\integrity_file
2025-09-13 17:39:32,774 - __main__ - INFO - Integrity signature created
2025-09-13 17:39:32,774 - __main__ - INFO - Testing authentication with new password...
2025-09-13 17:39:32,774 - __main__ - INFO - Attempting authentication...
2025-09-13 17:39:32,774 - __main__ - INFO - Salt path: secure_vault\salt_file
2025-09-13 17:39:32,775 - __main__ - INFO - Metadata DB path: secure_vault\metadata.db
2025-09-13 17:39:32,775 - __main__ - INFO - Sensitive DB path: secure_vault\sensitive.db
2025-09-13 17:39:32,775 - __main__ - INFO - Integrity path: secure_vault\integrity_file
2025-09-13 17:39:32,785 - __main__ - INFO - Salt loaded successfully (32 bytes)
2025-09-13 17:39:32,902 - __main__ - INFO - Encryption keys generated
2025-09-13 17:39:32,903 - secure_file_manager - INFO - Verifying integrity...
2025-09-13 17:39:32,913 - secure_file_manager - INFO - Verifying with HMAC-SHA256.
2025-09-13 17:39:32,913 - secure_file_manager - INFO - Integrity verification result: OK
2025-09-13 17:39:32,913 - __main__ - INFO - Database integrity check: PASSED
2025-09-13 17:39:32,916 - __main__ - INFO - Test decryption successful
2025-09-13 17:39:32,916 - __main__ - INFO - Authentication successful!
2025-09-13 17:39:32,916 - __main__ - INFO - Authentication test successful
2025-09-13 17:39:32,916 - __main__ - INFO - DB Action: CREATE, Type: SYSTEM, ID: database, Details: Database initialized successfully
2025-09-13 17:39:32,923 - __main__ - INFO - Database initialization completed successfully!
2025-09-13 17:39:33,104 - __main__ - INFO - Security questions saved successfully.
2025-09-13 17:39:33,106 - secure_file_manager - INFO - Syncing all files...
2025-09-13 17:39:33,106 - secure_file_manager - INFO - Syncing from temp directory: C:\Users\Hamza\AppData\Local\Temp\sv_tmp_ykyb2ka_
2025-09-13 17:39:33,111 - secure_file_manager - INFO - Rotating integrity signature.
2025-09-13 17:39:33,114 - secure_file_manager - INFO - Using HMAC-SHA256 for integrity signature.
2025-09-13 17:39:33,115 - secure_file_manager - INFO - Integrity signature written to secure_vault\integrity_file
2025-09-13 17:39:33,116 - secure_file_manager - INFO - Sync from temp directory completed.
2025-09-13 17:39:36,211 - secure_file_manager - INFO - Initializing encryption...
2025-09-13 17:39:36,213 - secure_file_manager - INFO - Salt loaded from secure_vault\salt_file
2025-09-13 17:39:36,214 - secure_file_manager - INFO - Using 'cryptography' package for key derivation.
2025-09-13 17:39:36,340 - secure_file_manager - INFO - Encryption key derived successfully.
2025-09-13 17:39:36,340 - __main__ - INFO - Loading files from secure storage...
2025-09-13 17:39:36,341 - secure_file_manager - INFO - Loading files to temporary directory...
2025-09-13 17:39:36,341 - secure_file_manager - INFO - Removing old temp directory: C:\Users\Hamza\AppData\Local\Temp\sv_tmp_ykyb2ka_
2025-09-13 17:39:36,343 - secure_file_manager - INFO - Created new temp directory: C:\Users\Hamza\AppData\Local\Temp\sv_tmp_x6wrmn1d
2025-09-13 17:39:36,348 - secure_file_manager - INFO - Files loaded to temp directory successfully.
2025-09-13 17:39:36,349 - __main__ - INFO - Attempting authentication...
2025-09-13 17:39:36,349 - __main__ - INFO - Salt path: secure_vault\salt_file
2025-09-13 17:39:36,349 - __main__ - INFO - Metadata DB path: secure_vault\metadata.db
2025-09-13 17:39:36,349 - __main__ - INFO - Sensitive DB path: secure_vault\sensitive.db
2025-09-13 17:39:36,350 - __main__ - INFO - Integrity path: secure_vault\integrity_file
2025-09-13 17:39:36,350 - __main__ - INFO - Salt loaded successfully (32 bytes)
2025-09-13 17:39:36,467 - __main__ - INFO - Encryption keys generated
2025-09-13 17:39:36,467 - secure_file_manager - INFO - Verifying integrity...
2025-09-13 17:39:36,476 - secure_file_manager - INFO - Verifying with HMAC-SHA256.
2025-09-13 17:39:36,477 - secure_file_manager - INFO - Integrity verification result: FAILED
2025-09-13 17:39:36,477 - __main__ - ERROR - Database integrity check failed. This could be due to an incorrect password or file tampering.
2025-09-13 17:39:39,343 - __main__ - WARNING - Force resetting integrity signature...
2025-09-13 17:39:39,345 - __main__ - INFO - Old integrity file removed
2025-09-13 17:39:39,346 - secure_file_manager - INFO - Rotating integrity signature.
2025-09-13 17:39:39,347 - secure_file_manager - INFO - Using HMAC-SHA256 for integrity signature.
2025-09-13 17:39:39,348 - secure_file_manager - INFO - Integrity signature written to secure_vault\integrity_file
2025-09-13 17:39:39,349 - __main__ - INFO - New integrity signature created
2025-09-13 17:39:48,543 - secure_file_manager - INFO - Initializing encryption...
2025-09-13 17:39:48,544 - secure_file_manager - INFO - Salt loaded from secure_vault\salt_file
2025-09-13 17:39:48,545 - secure_file_manager - INFO - Using 'cryptography' package for key derivation.
2025-09-13 17:39:48,680 - secure_file_manager - INFO - Encryption key derived successfully.
2025-09-13 17:39:48,681 - __main__ - INFO - Loading files from secure storage...
2025-09-13 17:39:48,681 - secure_file_manager - INFO - Loading files to temporary directory...
2025-09-13 17:39:48,682 - secure_file_manager - INFO - Removing old temp directory: C:\Users\Hamza\AppData\Local\Temp\sv_tmp_x6wrmn1d
2025-09-13 17:39:48,684 - secure_file_manager - INFO - Created new temp directory: C:\Users\Hamza\AppData\Local\Temp\sv_tmp_6a8ouo33
2025-09-13 17:39:48,688 - secure_file_manager - INFO - Files loaded to temp directory successfully.
2025-09-13 17:39:48,688 - __main__ - INFO - Attempting authentication...
2025-09-13 17:39:48,688 - __main__ - INFO - Salt path: secure_vault\salt_file
2025-09-13 17:39:48,689 - __main__ - INFO - Metadata DB path: secure_vault\metadata.db
2025-09-13 17:39:48,689 - __main__ - INFO - Sensitive DB path: secure_vault\sensitive.db
2025-09-13 17:39:48,689 - __main__ - INFO - Integrity path: secure_vault\integrity_file
2025-09-13 17:39:48,690 - __main__ - INFO - Salt loaded successfully (32 bytes)
2025-09-13 17:39:48,806 - __main__ - INFO - Encryption keys generated
2025-09-13 17:39:48,806 - secure_file_manager - INFO - Verifying integrity...
2025-09-13 17:39:48,815 - secure_file_manager - INFO - Verifying with HMAC-SHA256.
2025-09-13 17:39:48,816 - secure_file_manager - INFO - Integrity verification result: FAILED
2025-09-13 17:39:48,816 - __main__ - ERROR - Database integrity check failed. This could be due to an incorrect password or file tampering.
2025-09-13 17:39:49,672 - __main__ - WARNING - Force resetting integrity signature...
2025-09-13 17:39:49,672 - __main__ - INFO - Old integrity file removed
2025-09-13 17:39:49,673 - secure_file_manager - INFO - Rotating integrity signature.
2025-09-13 17:39:49,674 - secure_file_manager - INFO - Using HMAC-SHA256 for integrity signature.
2025-09-13 17:39:49,675 - secure_file_manager - INFO - Integrity signature written to secure_vault\integrity_file
2025-09-13 17:39:49,678 - __main__ - INFO - New integrity signature created
2025-09-13 17:39:51,566 - secure_file_manager - INFO - Initializing encryption...
2025-09-13 17:39:51,567 - secure_file_manager - INFO - Salt loaded from secure_vault\salt_file
2025-09-13 17:39:51,568 - secure_file_manager - INFO - Using 'cryptography' package for key derivation.
2025-09-13 17:39:51,702 - secure_file_manager - INFO - Encryption key derived successfully.
2025-09-13 17:39:51,702 - __main__ - INFO - Loading files from secure storage...
2025-09-13 17:39:51,702 - secure_file_manager - INFO - Loading files to temporary directory...
2025-09-13 17:39:51,703 - secure_file_manager - INFO - Removing old temp directory: C:\Users\Hamza\AppData\Local\Temp\sv_tmp_6a8ouo33
2025-09-13 17:39:51,705 - secure_file_manager - INFO - Created new temp directory: C:\Users\Hamza\AppData\Local\Temp\sv_tmp_d4y2gw61
2025-09-13 17:39:51,709 - secure_file_manager - INFO - Files loaded to temp directory successfully.
2025-09-13 17:39:51,709 - __main__ - INFO - Attempting authentication...
2025-09-13 17:39:51,710 - __main__ - INFO - Salt path: secure_vault\salt_file
2025-09-13 17:39:51,710 - __main__ - INFO - Metadata DB path: secure_vault\metadata.db
2025-09-13 17:39:51,711 - __main__ - INFO - Sensitive DB path: secure_vault\sensitive.db
2025-09-13 17:39:51,711 - __main__ - INFO - Integrity path: secure_vault\integrity_file
2025-09-13 17:39:51,711 - __main__ - INFO - Salt loaded successfully (32 bytes)
2025-09-13 17:39:51,829 - __main__ - INFO - Encryption keys generated
2025-09-13 17:39:51,830 - secure_file_manager - INFO - Verifying integrity...
2025-09-13 17:39:51,832 - secure_file_manager - INFO - Verifying with HMAC-SHA256.
2025-09-13 17:39:51,832 - secure_file_manager - INFO - Integrity verification result: OK
2025-09-13 17:39:51,832 - __main__ - INFO - Database integrity check: PASSED
2025-09-13 17:39:51,835 - __main__ - ERROR - No master account found for authentication. Cannot verify password.
2025-09-13 17:40:02,770 - root - INFO - Logging has been set up.
2025-09-13 17:40:02,770 - __main__ - INFO - Starting SecureVault Pro...
2025-09-13 17:40:02,851 - __main__ - INFO - Windows desktop shortcut created
2025-09-13 17:40:03,052 - __main__ - INFO - Application initialized successfully
2025-09-13 17:40:06,206 - __main__ - INFO - Initializing secure file management system...
2025-09-13 17:40:06,207 - __main__ - INFO - Secure file manager initialized
2025-09-13 17:40:06,578 - __main__ - INFO - Validating lockout state integrity...
2025-09-13 17:40:09,733 - secure_file_manager - INFO - Initializing encryption...
2025-09-13 17:40:09,734 - secure_file_manager - INFO - Salt loaded from secure_vault\salt_file
2025-09-13 17:40:09,735 - secure_file_manager - INFO - Using 'cryptography' package for key derivation.
2025-09-13 17:40:09,873 - secure_file_manager - INFO - Encryption key derived successfully.
2025-09-13 17:40:09,873 - __main__ - INFO - Loading files from secure storage...
2025-09-13 17:40:09,874 - secure_file_manager - INFO - Loading files to temporary directory...
2025-09-13 17:40:09,876 - secure_file_manager - INFO - Created new temp directory: C:\Users\Hamza\AppData\Local\Temp\sv_tmp_k21al2bq
2025-09-13 17:40:09,880 - secure_file_manager - INFO - Files loaded to temp directory successfully.
2025-09-13 17:40:09,881 - __main__ - INFO - Attempting authentication...
2025-09-13 17:40:09,881 - __main__ - INFO - Salt path: secure_vault\salt_file
2025-09-13 17:40:09,881 - __main__ - INFO - Metadata DB path: secure_vault\metadata.db
2025-09-13 17:40:09,882 - __main__ - INFO - Sensitive DB path: secure_vault\sensitive.db
2025-09-13 17:40:09,882 - __main__ - INFO - Integrity path: secure_vault\integrity_file
2025-09-13 17:40:09,882 - __main__ - INFO - Salt loaded successfully (32 bytes)
2025-09-13 17:40:10,001 - __main__ - INFO - Encryption keys generated
2025-09-13 17:40:10,001 - secure_file_manager - INFO - Verifying integrity...
2025-09-13 17:40:10,002 - secure_file_manager - INFO - Verifying with HMAC-SHA256.
2025-09-13 17:40:10,002 - secure_file_manager - INFO - Integrity verification result: OK
2025-09-13 17:40:10,003 - __main__ - INFO - Database integrity check: PASSED
2025-09-13 17:40:10,005 - __main__ - WARNING - No master account found for test decryption
2025-09-13 17:40:10,006 - __main__ - INFO - Authentication successful!
2025-09-13 17:40:10,006 - __main__ - INFO - Clearing lockout state
2025-09-13 17:40:10,009 - secure_file_manager - ERROR - Failed to start watchdog observer
Traceback (most recent call last):
  File "c:\Users\Hamza\Desktop\scripts\3 - Control Ur PassWord & Gen\secure_file_manager.py", line 717, in _start_watchdog
    self._observer.schedule(event_handler, self.sfm.secure_dir, recursive=True)
    ^^^^^^^^^^^^^^^^^^^^^^^
AttributeError: 'NoneType' object has no attribute 'schedule'
2025-09-13 17:40:10,013 - secure_file_manager - INFO - Verifying integrity...
2025-09-13 17:40:10,013 - secure_file_manager - INFO - SecurityMonitor polling thread started (interval=2.0)
2025-09-13 17:40:10,015 - secure_file_manager - INFO - Verifying with HMAC-SHA256.
2025-09-13 17:40:10,016 - secure_file_manager - INFO - Integrity verification result: OK
2025-09-13 17:40:12,016 - secure_file_manager - INFO - Verifying integrity...
2025-09-13 17:40:12,019 - secure_file_manager - INFO - Verifying with HMAC-SHA256.
2025-09-13 17:40:12,020 - secure_file_manager - INFO - Integrity verification result: OK
2025-09-13 17:40:14,021 - secure_file_manager - INFO - Verifying integrity...
2025-09-13 17:40:14,023 - secure_file_manager - INFO - Verifying with HMAC-SHA256.
2025-09-13 17:40:14,023 - secure_file_manager - INFO - Integrity verification result: OK
2025-09-13 17:40:16,024 - secure_file_manager - INFO - Verifying integrity...
2025-09-13 17:40:16,026 - secure_file_manager - INFO - Verifying with HMAC-SHA256.
2025-09-13 17:40:16,027 - secure_file_manager - INFO - Integrity verification result: OK
2025-09-13 17:40:23,142 - root - INFO - Logging has been set up.
2025-09-13 17:40:23,142 - __main__ - INFO - Starting SecureVault Pro...
2025-09-13 17:40:23,220 - __main__ - INFO - Windows desktop shortcut created
2025-09-13 17:40:23,422 - __main__ - INFO - Application initialized successfully
2025-09-13 17:40:26,596 - __main__ - INFO - Initializing secure file management system...
2025-09-13 17:40:26,599 - __main__ - INFO - Secure file manager initialized
2025-09-13 17:40:27,024 - __main__ - INFO - Validating lockout state integrity...
2025-09-13 17:40:29,117 - secure_file_manager - INFO - Initializing encryption...
2025-09-13 17:40:29,118 - secure_file_manager - INFO - Salt loaded from secure_vault\salt_file
2025-09-13 17:40:29,119 - secure_file_manager - INFO - Using 'cryptography' package for key derivation.
2025-09-13 17:40:29,259 - secure_file_manager - INFO - Encryption key derived successfully.
2025-09-13 17:40:29,259 - __main__ - INFO - Loading files from secure storage...
2025-09-13 17:40:29,260 - secure_file_manager - INFO - Loading files to temporary directory...
2025-09-13 17:40:29,262 - secure_file_manager - INFO - Created new temp directory: C:\Users\Hamza\AppData\Local\Temp\sv_tmp_0xz6_xs2
2025-09-13 17:40:29,266 - secure_file_manager - INFO - Files loaded to temp directory successfully.
2025-09-13 17:40:29,267 - __main__ - INFO - Attempting authentication...
2025-09-13 17:40:29,267 - __main__ - INFO - Salt path: secure_vault\salt_file
2025-09-13 17:40:29,267 - __main__ - INFO - Metadata DB path: secure_vault\metadata.db
2025-09-13 17:40:29,267 - __main__ - INFO - Sensitive DB path: secure_vault\sensitive.db
2025-09-13 17:40:29,268 - __main__ - INFO - Integrity path: secure_vault\integrity_file
2025-09-13 17:40:29,268 - __main__ - INFO - Salt loaded successfully (32 bytes)
2025-09-13 17:40:29,387 - __main__ - INFO - Encryption keys generated
2025-09-13 17:40:29,387 - secure_file_manager - INFO - Verifying integrity...
2025-09-13 17:40:29,388 - secure_file_manager - INFO - Verifying with HMAC-SHA256.
2025-09-13 17:40:29,389 - secure_file_manager - INFO - Integrity verification result: FAILED
2025-09-13 17:40:29,389 - __main__ - INFO - Database integrity check: FAILED
2025-09-13 17:40:29,389 - __main__ - ERROR - Database integrity check failed
2025-09-13 17:40:29,390 - __main__ - INFO - Attempting integrity recovery...
2025-09-13 17:40:29,390 - secure_file_manager - INFO - Rotating integrity signature.
2025-09-13 17:40:29,392 - secure_file_manager - INFO - Using HMAC-SHA256 for integrity signature.
2025-09-13 17:40:29,393 - secure_file_manager - INFO - Integrity signature written to secure_vault\integrity_file
2025-09-13 17:40:29,394 - __main__ - INFO - Integrity signature regenerated, retrying verification...
2025-09-13 17:40:29,394 - secure_file_manager - INFO - Verifying integrity...
2025-09-13 17:40:29,403 - secure_file_manager - INFO - Verifying with HMAC-SHA256.
2025-09-13 17:40:29,404 - secure_file_manager - INFO - Integrity verification result: OK
2025-09-13 17:40:29,404 - __main__ - INFO - Integrity recovery successful
2025-09-13 17:40:29,407 - __main__ - WARNING - No master account found for test decryption
2025-09-13 17:40:29,407 - __main__ - INFO - Authentication successful!
2025-09-13 17:40:29,408 - __main__ - INFO - Clearing lockout state
2025-09-13 17:40:29,411 - secure_file_manager - ERROR - Failed to start watchdog observer
Traceback (most recent call last):
  File "c:\Users\Hamza\Desktop\scripts\3 - Control Ur PassWord & Gen\secure_file_manager.py", line 717, in _start_watchdog
    self._observer.schedule(event_handler, self.sfm.secure_dir, recursive=True)
    ^^^^^^^^^^^^^^^^^^^^^^^
AttributeError: 'NoneType' object has no attribute 'schedule'
2025-09-13 17:40:29,414 - secure_file_manager - INFO - Verifying integrity...
2025-09-13 17:40:29,414 - secure_file_manager - INFO - SecurityMonitor polling thread started (interval=2.0)
2025-09-13 17:40:29,416 - secure_file_manager - INFO - Verifying with HMAC-SHA256.
2025-09-13 17:40:29,416 - secure_file_manager - INFO - Integrity verification result: OK
2025-09-13 17:40:31,417 - secure_file_manager - INFO - Verifying integrity...
2025-09-13 17:40:31,419 - secure_file_manager - INFO - Verifying with HMAC-SHA256.
2025-09-13 17:40:31,419 - secure_file_manager - INFO - Integrity verification result: OK
2025-09-13 17:40:33,420 - secure_file_manager - INFO - Verifying integrity...
2025-09-13 17:40:33,422 - secure_file_manager - INFO - Verifying with HMAC-SHA256.
2025-09-13 17:40:33,422 - secure_file_manager - INFO - Integrity verification result: OK
2025-09-13 17:40:35,423 - secure_file_manager - INFO - Verifying integrity...
2025-09-13 17:40:35,429 - secure_file_manager - INFO - Verifying with HMAC-SHA256.
2025-09-13 17:40:35,430 - secure_file_manager - INFO - Integrity verification result: OK
2025-09-13 17:40:37,432 - secure_file_manager - INFO - Verifying integrity...
2025-09-13 17:40:37,435 - secure_file_manager - INFO - Verifying with HMAC-SHA256.
2025-09-13 17:40:37,435 - secure_file_manager - INFO - Integrity verification result: OK
2025-09-13 17:40:39,437 - secure_file_manager - INFO - Verifying integrity...
2025-09-13 17:40:39,439 - secure_file_manager - INFO - Verifying with HMAC-SHA256.
2025-09-13 17:40:39,441 - secure_file_manager - INFO - Integrity verification result: OK
2025-09-13 17:40:41,454 - secure_file_manager - INFO - Verifying integrity...
2025-09-13 17:40:41,480 - secure_file_manager - INFO - Verifying with HMAC-SHA256.
2025-09-13 17:40:41,489 - secure_file_manager - INFO - Integrity verification result: OK
